Build started 3/7/2016 3:52:44 PM.
     1>Project "E:\CSE687\Proj2\Project2HelperCode\ScopeStack\ScopeStack.vcxproj" on node 3 (Build target(s)).
     1>Link:
         C:\Program Files (x86)\Microsoft Visual Studio 14.0\VC\bin\x86_amd64\link.exe /ERRORREPORT:PROMPT /OUT:"E:\CSE687\Proj2\Project2HelperCode\x64\Debug\ScopeStack.exe" /INCREMENTAL /NOLOGO kernel32.lib user32.lib gdi32.lib winspool.lib comdlg32.lib advapi32.lib shell32.lib ole32.lib oleaut32.lib uuid.lib odbc32.lib odbccp32.lib /MANIFEST /MANIFESTUAC:"level='asInvoker' uiAccess='false'" /manifest:embed /Debug /PDB:"E:\CSE687\Proj2\Project2HelperCode\x64\Debug\ScopeStack.pdb" /SUBSYSTEM:CONSOLE /TLBID:1 /DYNAMICBASE /NXCOMPAT /IMPLIB:"E:\CSE687\Proj2\Project2HelperCode\x64\Debug\ScopeStack.lib" /MACHINE:X64 x64\Debug\ScopeStack.obj
     1>MSVCRTD.lib(exe_main.obj) : error LNK2019: unresolved external symbol main referenced in function "int __cdecl invoke_main(void)" (?invoke_main@@YAHXZ)
     1>E:\CSE687\Proj2\Project2HelperCode\x64\Debug\ScopeStack.exe : fatal error LNK1120: 1 unresolved externals
     1>Done Building Project "E:\CSE687\Proj2\Project2HelperCode\ScopeStack\ScopeStack.vcxproj" (Build target(s)) -- FAILED.

Build FAILED.

Time Elapsed 00:00:02.66
